ERROR 2026-06-09 20:38:11,638 websocket_utils 14028 11364 Error checking WebSocket limits: Error 10061 connecting to localhost:6379. No se puede establecer una conexión ya que el equipo de destino denegó expresamente dicha conexión.
Traceback (most recent call last):
  File "C:\Users\veyqp\Desktop\serverpanaccess\env\Lib\site-packages\redis\connection.py", line 1003, in connect_check_health
    sock = self._connect()
  File "C:\Users\veyqp\Desktop\serverpanaccess\env\Lib\site-packages\redis\connection.py", line 1515, in _connect
    raise err
  File "C:\Users\veyqp\Desktop\serverpanaccess\env\Lib\site-packages\redis\connection.py", line 1499, in _connect
    sock.connect(socket_address)
    ~~~~~~~~~~~~^^^^^^^^^^^^^^^^
ConnectionRefusedError: [WinError 10061] No se puede establecer una conexión ya que el equipo de destino denegó expresamente dicha conexión

During handling of the above exception, another exception occurred:

Traceback (most recent call last):
  File "C:\Users\veyqp\Desktop\Intento\panaccess_wind_integration\wind\utils\websocket_utils.py", line 230, in check_websocket_limits
    token_count = redis_client.incr(token_key)
  File "C:\Users\veyqp\Desktop\serverpanaccess\env\Lib\site-packages\redis\commands\core.py", line 2174, in incrby
    return self.execute_command("INCRBY", name, amount)
           ~~~~~~~~~~~~~~~~~~~~^^^^^^^^^^^^^^^^^^^^^^^^
  File "C:\Users\veyqp\Desktop\serverpanaccess\env\Lib\site-packages\redis\client.py", line 716, in execute_command
    return self._execute_command(*args, **options)
           ~~~~~~~~~~~~~~~~~~~~~^^^^^^^^^^^^^^^^^^
  File "C:\Users\veyqp\Desktop\serverpanaccess\env\Lib\site-packages\redis\client.py", line 722, in _execute_command
    conn = self.connection or pool.get_connection()
                              ~~~~~~~~~~~~~~~~~~~^^
  File "C:\Users\veyqp\Desktop\serverpanaccess\env\Lib\site-packages\redis\utils.py", line 236, in wrapper
    return func(*args, **kwargs)
  File "C:\Users\veyqp\Desktop\serverpanaccess\env\Lib\site-packages\redis\connection.py", line 3041, in get_connection
    connection.connect()
    ~~~~~~~~~~~~~~~~~~^^
  File "C:\Users\veyqp\Desktop\serverpanaccess\env\Lib\site-packages\redis\connection.py", line 976, in connect
    self.retry.call_with_retry(
    ~~~~~~~~~~~~~~~~~~~~~~~~~~^
        lambda: self.connect_check_health(
        ^^^^^^^^^^^^^^^^^^^^^^^^^^^^^^^^^^
    ...<2 lines>...
        lambda error: self.disconnect(error),
        ^^^^^^^^^^^^^^^^^^^^^^^^^^^^^^^^^^^^^
    )
    ^
  File "C:\Users\veyqp\Desktop\serverpanaccess\env\Lib\site-packages\redis\retry.py", line 132, in call_with_retry
    raise error
  File "C:\Users\veyqp\Desktop\serverpanaccess\env\Lib\site-packages\redis\retry.py", line 120, in call_with_retry
    return do()
  File "C:\Users\veyqp\Desktop\serverpanaccess\env\Lib\site-packages\redis\connection.py", line 977, in <lambda>
    lambda: self.connect_check_health(
            ~~~~~~~~~~~~~~~~~~~~~~~~~^
        check_health=True, retry_socket_connect=False
        ^^^^^^^^^^^^^^^^^^^^^^^^^^^^^^^^^^^^^^^^^^^^^
    ),
    ^
  File "C:\Users\veyqp\Desktop\serverpanaccess\env\Lib\site-packages\redis\connection.py", line 1025, in connect_check_health
    raise e
redis.exceptions.ConnectionError: Error 10061 connecting to localhost:6379. No se puede establecer una conexión ya que el equipo de destino denegó expresamente dicha conexión.
ERROR 2026-06-09 20:38:49,573 log 7444 16596 Internal Server Error: /api/auth/login/
Traceback (most recent call last):
  File "C:\Users\veyqp\Desktop\serverpanaccess\env\Lib\site-packages\django_redis\cache.py", line 29, in _decorator
    return method(self, *args, **kwargs)
  File "C:\Users\veyqp\Desktop\serverpanaccess\env\Lib\site-packages\django_redis\cache.py", line 99, in _get
    return self.client.get(key, default=default, version=version, client=client)
           ~~~~~~~~~~~~~~~^^^^^^^^^^^^^^^^^^^^^^^^^^^^^^^^^^^^^^^^^^^^^^^^^^^^^^
  File "C:\Users\veyqp\Desktop\serverpanaccess\env\Lib\site-packages\django_redis\client\default.py", line 260, in get
    raise ConnectionInterrupted(connection=client) from e
django_redis.exceptions.ConnectionInterrupted: Redis ConnectionError: Error 10061 connecting to localhost:6379. No se puede establecer una conexión ya que el equipo de destino denegó expresamente dicha conexión.

During handling of the above exception, another exception occurred:

Traceback (most recent call last):
  File "C:\Users\veyqp\Desktop\serverpanaccess\env\Lib\site-packages\django\core\handlers\exception.py", line 55, in inner
    response = get_response(request)
  File "C:\Users\veyqp\Desktop\serverpanaccess\env\Lib\site-packages\django\core\handlers\base.py", line 197, in _get_response
    response = wrapped_callback(request, *callback_args, **callback_kwargs)
  File "C:\Users\veyqp\Desktop\serverpanaccess\env\Lib\site-packages\django\views\decorators\csrf.py", line 65, in _view_wrapper
    return view_func(request, *args, **kwargs)
  File "C:\Users\veyqp\Desktop\serverpanaccess\env\Lib\site-packages\django\views\generic\base.py", line 105, in view
    return self.dispatch(request, *args, **kwargs)
           ~~~~~~~~~~~~~^^^^^^^^^^^^^^^^^^^^^^^^^^
  File "C:\Users\veyqp\Desktop\serverpanaccess\env\Lib\site-packages\django\utils\decorators.py", line 48, in _wrapper
    return bound_method(*args, **kwargs)
  File "C:\Users\veyqp\Desktop\serverpanaccess\env\Lib\site-packages\django\views\decorators\debug.py", line 143, in sensitive_post_parameters_wrapper
    return view(request, *args, **kwargs)
  File "C:\Users\veyqp\Desktop\serverpanaccess\env\Lib\site-packages\dj_rest_auth\views.py", line 48, in dispatch
    return super().dispatch(*args, **kwargs)
           ~~~~~~~~~~~~~~~~^^^^^^^^^^^^^^^^^
  File "C:\Users\veyqp\Desktop\serverpanaccess\env\Lib\site-packages\rest_framework\views.py", line 515, in dispatch
    response = self.handle_exception(exc)
  File "C:\Users\veyqp\Desktop\serverpanaccess\env\Lib\site-packages\rest_framework\views.py", line 475, in handle_exception
    self.raise_uncaught_exception(exc)
    ~~~~~~~~~~~~~~~~~~~~~~~~~~~~~^^^^^
  File "C:\Users\veyqp\Desktop\serverpanaccess\env\Lib\site-packages\rest_framework\views.py", line 486, in raise_uncaught_exception
    raise exc
  File "C:\Users\veyqp\Desktop\serverpanaccess\env\Lib\site-packages\rest_framework\views.py", line 503, in dispatch
    self.initial(request, *args, **kwargs)
    ~~~~~~~~~~~~^^^^^^^^^^^^^^^^^^^^^^^^^^
  File "C:\Users\veyqp\Desktop\serverpanaccess\env\Lib\site-packages\rest_framework\views.py", line 422, in initial
    self.check_throttles(request)
    ~~~~~~~~~~~~~~~~~~~~^^^^^^^^^
  File "C:\Users\veyqp\Desktop\serverpanaccess\env\Lib\site-packages\rest_framework\views.py", line 365, in check_throttles
    if not throttle.allow_request(request, self):
           ~~~~~~~~~~~~~~~~~~~~~~^^^^^^^^^^^^^^^
  File "C:\Users\veyqp\Desktop\serverpanaccess\env\Lib\site-packages\rest_framework\throttling.py", line 123, in allow_request
    self.history = self.cache.get(self.key, [])
                   ~~~~~~~~~~~~~~^^^^^^^^^^^^^^
  File "C:\Users\veyqp\Desktop\serverpanaccess\env\Lib\site-packages\django_redis\cache.py", line 92, in get
    value = self._get(key, default, version, client)
  File "C:\Users\veyqp\Desktop\serverpanaccess\env\Lib\site-packages\django_redis\cache.py", line 36, in _decorator
    raise e.__cause__
  File "C:\Users\veyqp\Desktop\serverpanaccess\env\Lib\site-packages\django_redis\client\default.py", line 258, in get
    value = client.get(key)
  File "C:\Users\veyqp\Desktop\serverpanaccess\env\Lib\site-packages\redis\commands\core.py", line 2073, in get
    return self.execute_command("GET", name, keys=[name])
           ~~~~~~~~~~~~~~~~~~~~^^^^^^^^^^^^^^^^^^^^^^^^^^
  File "C:\Users\veyqp\Desktop\serverpanaccess\env\Lib\site-packages\redis\client.py", line 716, in execute_command
    return self._execute_command(*args, **options)
           ~~~~~~~~~~~~~~~~~~~~~^^^^^^^^^^^^^^^^^^
  File "C:\Users\veyqp\Desktop\serverpanaccess\env\Lib\site-packages\redis\client.py", line 722, in _execute_command
    conn = self.connection or pool.get_connection()
                              ~~~~~~~~~~~~~~~~~~~^^
  File "C:\Users\veyqp\Desktop\serverpanaccess\env\Lib\site-packages\redis\utils.py", line 236, in wrapper
    return func(*args, **kwargs)
  File "C:\Users\veyqp\Desktop\serverpanaccess\env\Lib\site-packages\redis\connection.py", line 3041, in get_connection
    connection.connect()
    ~~~~~~~~~~~~~~~~~~^^
  File "C:\Users\veyqp\Desktop\serverpanaccess\env\Lib\site-packages\redis\connection.py", line 976, in connect
    self.retry.call_with_retry(
    ~~~~~~~~~~~~~~~~~~~~~~~~~~^
        lambda: self.connect_check_health(
        ^^^^^^^^^^^^^^^^^^^^^^^^^^^^^^^^^^
    ...<2 lines>...
        lambda error: self.disconnect(error),
        ^^^^^^^^^^^^^^^^^^^^^^^^^^^^^^^^^^^^^
    )
    ^
  File "C:\Users\veyqp\Desktop\serverpanaccess\env\Lib\site-packages\redis\retry.py", line 132, in call_with_retry
    raise error
  File "C:\Users\veyqp\Desktop\serverpanaccess\env\Lib\site-packages\redis\retry.py", line 120, in call_with_retry
    return do()
  File "C:\Users\veyqp\Desktop\serverpanaccess\env\Lib\site-packages\redis\connection.py", line 977, in <lambda>
    lambda: self.connect_check_health(
            ~~~~~~~~~~~~~~~~~~~~~~~~~^
        check_health=True, retry_socket_connect=False
        ^^^^^^^^^^^^^^^^^^^^^^^^^^^^^^^^^^^^^^^^^^^^^
    ),
    ^
  File "C:\Users\veyqp\Desktop\serverpanaccess\env\Lib\site-packages\redis\connection.py", line 1025, in connect_check_health
    raise e
redis.exceptions.ConnectionError: Error 10061 connecting to localhost:6379. No se puede establecer una conexión ya que el equipo de destino denegó expresamente dicha conexión.
ERROR 2026-06-09 20:38:53,700 log 7444 16596 Internal Server Error: /wind/create-subscriber/
Traceback (most recent call last):
  File "C:\Users\veyqp\Desktop\serverpanaccess\env\Lib\site-packages\django_redis\cache.py", line 29, in _decorator
    return method(self, *args, **kwargs)
  File "C:\Users\veyqp\Desktop\serverpanaccess\env\Lib\site-packages\django_redis\cache.py", line 99, in _get
    return self.client.get(key, default=default, version=version, client=client)
           ~~~~~~~~~~~~~~~^^^^^^^^^^^^^^^^^^^^^^^^^^^^^^^^^^^^^^^^^^^^^^^^^^^^^^
  File "C:\Users\veyqp\Desktop\serverpanaccess\env\Lib\site-packages\django_redis\client\default.py", line 260, in get
    raise ConnectionInterrupted(connection=client) from e
django_redis.exceptions.ConnectionInterrupted: Redis ConnectionError: Error 10061 connecting to localhost:6379. No se puede establecer una conexión ya que el equipo de destino denegó expresamente dicha conexión.

During handling of the above exception, another exception occurred:

Traceback (most recent call last):
  File "C:\Users\veyqp\Desktop\serverpanaccess\env\Lib\site-packages\django\core\handlers\exception.py", line 55, in inner
    response = get_response(request)
  File "C:\Users\veyqp\Desktop\serverpanaccess\env\Lib\site-packages\django\core\handlers\base.py", line 197, in _get_response
    response = wrapped_callback(request, *callback_args, **callback_kwargs)
  File "C:\Users\veyqp\Desktop\serverpanaccess\env\Lib\site-packages\django\views\decorators\csrf.py", line 65, in _view_wrapper
    return view_func(request, *args, **kwargs)
  File "C:\Users\veyqp\Desktop\serverpanaccess\env\Lib\site-packages\django\views\generic\base.py", line 105, in view
    return self.dispatch(request, *args, **kwargs)
           ~~~~~~~~~~~~~^^^^^^^^^^^^^^^^^^^^^^^^^^
  File "C:\Users\veyqp\Desktop\serverpanaccess\env\Lib\site-packages\rest_framework\views.py", line 515, in dispatch
    response = self.handle_exception(exc)
  File "C:\Users\veyqp\Desktop\serverpanaccess\env\Lib\site-packages\rest_framework\views.py", line 475, in handle_exception
    self.raise_uncaught_exception(exc)
    ~~~~~~~~~~~~~~~~~~~~~~~~~~~~~^^^^^
  File "C:\Users\veyqp\Desktop\serverpanaccess\env\Lib\site-packages\rest_framework\views.py", line 486, in raise_uncaught_exception
    raise exc
  File "C:\Users\veyqp\Desktop\serverpanaccess\env\Lib\site-packages\rest_framework\views.py", line 503, in dispatch
    self.initial(request, *args, **kwargs)
    ~~~~~~~~~~~~^^^^^^^^^^^^^^^^^^^^^^^^^^
  File "C:\Users\veyqp\Desktop\serverpanaccess\env\Lib\site-packages\rest_framework\views.py", line 422, in initial
    self.check_throttles(request)
    ~~~~~~~~~~~~~~~~~~~~^^^^^^^^^
  File "C:\Users\veyqp\Desktop\serverpanaccess\env\Lib\site-packages\rest_framework\views.py", line 365, in check_throttles
    if not throttle.allow_request(request, self):
           ~~~~~~~~~~~~~~~~~~~~~~^^^^^^^^^^^^^^^
  File "C:\Users\veyqp\Desktop\Intento\panaccess_wind_integration\wind\throttles.py", line 31, in allow_request
    return super().allow_request(request, view)
           ~~~~~~~~~~~~~~~~~~~~~^^^^^^^^^^^^^^^
  File "C:\Users\veyqp\Desktop\serverpanaccess\env\Lib\site-packages\rest_framework\throttling.py", line 123, in allow_request
    self.history = self.cache.get(self.key, [])
                   ~~~~~~~~~~~~~~^^^^^^^^^^^^^^
  File "C:\Users\veyqp\Desktop\serverpanaccess\env\Lib\site-packages\django_redis\cache.py", line 92, in get
    value = self._get(key, default, version, client)
  File "C:\Users\veyqp\Desktop\serverpanaccess\env\Lib\site-packages\django_redis\cache.py", line 36, in _decorator
    raise e.__cause__
  File "C:\Users\veyqp\Desktop\serverpanaccess\env\Lib\site-packages\django_redis\client\default.py", line 258, in get
    value = client.get(key)
  File "C:\Users\veyqp\Desktop\serverpanaccess\env\Lib\site-packages\redis\commands\core.py", line 2073, in get
    return self.execute_command("GET", name, keys=[name])
           ~~~~~~~~~~~~~~~~~~~~^^^^^^^^^^^^^^^^^^^^^^^^^^
  File "C:\Users\veyqp\Desktop\serverpanaccess\env\Lib\site-packages\redis\client.py", line 716, in execute_command
    return self._execute_command(*args, **options)
           ~~~~~~~~~~~~~~~~~~~~~^^^^^^^^^^^^^^^^^^
  File "C:\Users\veyqp\Desktop\serverpanaccess\env\Lib\site-packages\redis\client.py", line 722, in _execute_command
    conn = self.connection or pool.get_connection()
                              ~~~~~~~~~~~~~~~~~~~^^
  File "C:\Users\veyqp\Desktop\serverpanaccess\env\Lib\site-packages\redis\utils.py", line 236, in wrapper
    return func(*args, **kwargs)
  File "C:\Users\veyqp\Desktop\serverpanaccess\env\Lib\site-packages\redis\connection.py", line 3041, in get_connection
    connection.connect()
    ~~~~~~~~~~~~~~~~~~^^
  File "C:\Users\veyqp\Desktop\serverpanaccess\env\Lib\site-packages\redis\connection.py", line 976, in connect
    self.retry.call_with_retry(
    ~~~~~~~~~~~~~~~~~~~~~~~~~~^
        lambda: self.connect_check_health(
        ^^^^^^^^^^^^^^^^^^^^^^^^^^^^^^^^^^
    ...<2 lines>...
        lambda error: self.disconnect(error),
        ^^^^^^^^^^^^^^^^^^^^^^^^^^^^^^^^^^^^^
    )
    ^
  File "C:\Users\veyqp\Desktop\serverpanaccess\env\Lib\site-packages\redis\retry.py", line 132, in call_with_retry
    raise error
  File "C:\Users\veyqp\Desktop\serverpanaccess\env\Lib\site-packages\redis\retry.py", line 120, in call_with_retry
    return do()
  File "C:\Users\veyqp\Desktop\serverpanaccess\env\Lib\site-packages\redis\connection.py", line 977, in <lambda>
    lambda: self.connect_check_health(
            ~~~~~~~~~~~~~~~~~~~~~~~~~^
        check_health=True, retry_socket_connect=False
        ^^^^^^^^^^^^^^^^^^^^^^^^^^^^^^^^^^^^^^^^^^^^^
    ),
    ^
  File "C:\Users\veyqp\Desktop\serverpanaccess\env\Lib\site-packages\redis\connection.py", line 1025, in connect_check_health
    raise e
redis.exceptions.ConnectionError: Error 10061 connecting to localhost:6379. No se puede establecer una conexión ya que el equipo de destino denegó expresamente dicha conexión.
ERROR 2026-06-09 20:38:57,820 log 7444 16596 Internal Server Error: /wind/create-subscriber/
Traceback (most recent call last):
  File "C:\Users\veyqp\Desktop\serverpanaccess\env\Lib\site-packages\django_redis\cache.py", line 29, in _decorator
    return method(self, *args, **kwargs)
  File "C:\Users\veyqp\Desktop\serverpanaccess\env\Lib\site-packages\django_redis\cache.py", line 99, in _get
    return self.client.get(key, default=default, version=version, client=client)
           ~~~~~~~~~~~~~~~^^^^^^^^^^^^^^^^^^^^^^^^^^^^^^^^^^^^^^^^^^^^^^^^^^^^^^
  File "C:\Users\veyqp\Desktop\serverpanaccess\env\Lib\site-packages\django_redis\client\default.py", line 260, in get
    raise ConnectionInterrupted(connection=client) from e
django_redis.exceptions.ConnectionInterrupted: Redis ConnectionError: Error 10061 connecting to localhost:6379. No se puede establecer una conexión ya que el equipo de destino denegó expresamente dicha conexión.

During handling of the above exception, another exception occurred:

Traceback (most recent call last):
  File "C:\Users\veyqp\Desktop\serverpanaccess\env\Lib\site-packages\django\core\handlers\exception.py", line 55, in inner
    response = get_response(request)
  File "C:\Users\veyqp\Desktop\serverpanaccess\env\Lib\site-packages\django\core\handlers\base.py", line 197, in _get_response
    response = wrapped_callback(request, *callback_args, **callback_kwargs)
  File "C:\Users\veyqp\Desktop\serverpanaccess\env\Lib\site-packages\django\views\decorators\csrf.py", line 65, in _view_wrapper
    return view_func(request, *args, **kwargs)
  File "C:\Users\veyqp\Desktop\serverpanaccess\env\Lib\site-packages\django\views\generic\base.py", line 105, in view
    return self.dispatch(request, *args, **kwargs)
           ~~~~~~~~~~~~~^^^^^^^^^^^^^^^^^^^^^^^^^^
  File "C:\Users\veyqp\Desktop\serverpanaccess\env\Lib\site-packages\rest_framework\views.py", line 515, in dispatch
    response = self.handle_exception(exc)
  File "C:\Users\veyqp\Desktop\serverpanaccess\env\Lib\site-packages\rest_framework\views.py", line 475, in handle_exception
    self.raise_uncaught_exception(exc)
    ~~~~~~~~~~~~~~~~~~~~~~~~~~~~~^^^^^
  File "C:\Users\veyqp\Desktop\serverpanaccess\env\Lib\site-packages\rest_framework\views.py", line 486, in raise_uncaught_exception
    raise exc
  File "C:\Users\veyqp\Desktop\serverpanaccess\env\Lib\site-packages\rest_framework\views.py", line 503, in dispatch
    self.initial(request, *args, **kwargs)
    ~~~~~~~~~~~~^^^^^^^^^^^^^^^^^^^^^^^^^^
  File "C:\Users\veyqp\Desktop\serverpanaccess\env\Lib\site-packages\rest_framework\views.py", line 422, in initial
    self.check_throttles(request)
    ~~~~~~~~~~~~~~~~~~~~^^^^^^^^^
  File "C:\Users\veyqp\Desktop\serverpanaccess\env\Lib\site-packages\rest_framework\views.py", line 365, in check_throttles
    if not throttle.allow_request(request, self):
           ~~~~~~~~~~~~~~~~~~~~~~^^^^^^^^^^^^^^^
  File "C:\Users\veyqp\Desktop\Intento\panaccess_wind_integration\wind\throttles.py", line 31, in allow_request
    return super().allow_request(request, view)
           ~~~~~~~~~~~~~~~~~~~~~^^^^^^^^^^^^^^^
  File "C:\Users\veyqp\Desktop\serverpanaccess\env\Lib\site-packages\rest_framework\throttling.py", line 123, in allow_request
    self.history = self.cache.get(self.key, [])
                   ~~~~~~~~~~~~~~^^^^^^^^^^^^^^
  File "C:\Users\veyqp\Desktop\serverpanaccess\env\Lib\site-packages\django_redis\cache.py", line 92, in get
    value = self._get(key, default, version, client)
  File "C:\Users\veyqp\Desktop\serverpanaccess\env\Lib\site-packages\django_redis\cache.py", line 36, in _decorator
    raise e.__cause__
  File "C:\Users\veyqp\Desktop\serverpanaccess\env\Lib\site-packages\django_redis\client\default.py", line 258, in get
    value = client.get(key)
  File "C:\Users\veyqp\Desktop\serverpanaccess\env\Lib\site-packages\redis\commands\core.py", line 2073, in get
    return self.execute_command("GET", name, keys=[name])
           ~~~~~~~~~~~~~~~~~~~~^^^^^^^^^^^^^^^^^^^^^^^^^^
  File "C:\Users\veyqp\Desktop\serverpanaccess\env\Lib\site-packages\redis\client.py", line 716, in execute_command
    return self._execute_command(*args, **options)
           ~~~~~~~~~~~~~~~~~~~~~^^^^^^^^^^^^^^^^^^
  File "C:\Users\veyqp\Desktop\serverpanaccess\env\Lib\site-packages\redis\client.py", line 722, in _execute_command
    conn = self.connection or pool.get_connection()
                              ~~~~~~~~~~~~~~~~~~~^^
  File "C:\Users\veyqp\Desktop\serverpanaccess\env\Lib\site-packages\redis\utils.py", line 236, in wrapper
    return func(*args, **kwargs)
  File "C:\Users\veyqp\Desktop\serverpanaccess\env\Lib\site-packages\redis\connection.py", line 3041, in get_connection
    connection.connect()
    ~~~~~~~~~~~~~~~~~~^^
  File "C:\Users\veyqp\Desktop\serverpanaccess\env\Lib\site-packages\redis\connection.py", line 976, in connect
    self.retry.call_with_retry(
    ~~~~~~~~~~~~~~~~~~~~~~~~~~^
        lambda: self.connect_check_health(
        ^^^^^^^^^^^^^^^^^^^^^^^^^^^^^^^^^^
    ...<2 lines>...
        lambda error: self.disconnect(error),
        ^^^^^^^^^^^^^^^^^^^^^^^^^^^^^^^^^^^^^
    )
    ^
  File "C:\Users\veyqp\Desktop\serverpanaccess\env\Lib\site-packages\redis\retry.py", line 132, in call_with_retry
    raise error
  File "C:\Users\veyqp\Desktop\serverpanaccess\env\Lib\site-packages\redis\retry.py", line 120, in call_with_retry
    return do()
  File "C:\Users\veyqp\Desktop\serverpanaccess\env\Lib\site-packages\redis\connection.py", line 977, in <lambda>
    lambda: self.connect_check_health(
            ~~~~~~~~~~~~~~~~~~~~~~~~~^
        check_health=True, retry_socket_connect=False
        ^^^^^^^^^^^^^^^^^^^^^^^^^^^^^^^^^^^^^^^^^^^^^
    ),
    ^
  File "C:\Users\veyqp\Desktop\serverpanaccess\env\Lib\site-packages\redis\connection.py", line 1025, in connect_check_health
    raise e
redis.exceptions.ConnectionError: Error 10061 connecting to localhost:6379. No se puede establecer una conexión ya que el equipo de destino denegó expresamente dicha conexión.
ERROR 2026-06-09 20:39:21,852 websocket_utils 7444 16596 Error checking WebSocket limits: Error 10061 connecting to localhost:6379. No se puede establecer una conexión ya que el equipo de destino denegó expresamente dicha conexión.
Traceback (most recent call last):
  File "C:\Users\veyqp\Desktop\serverpanaccess\env\Lib\site-packages\redis\connection.py", line 1003, in connect_check_health
    sock = self._connect()
  File "C:\Users\veyqp\Desktop\serverpanaccess\env\Lib\site-packages\redis\connection.py", line 1515, in _connect
    raise err
  File "C:\Users\veyqp\Desktop\serverpanaccess\env\Lib\site-packages\redis\connection.py", line 1499, in _connect
    sock.connect(socket_address)
    ~~~~~~~~~~~~^^^^^^^^^^^^^^^^
ConnectionRefusedError: [WinError 10061] No se puede establecer una conexión ya que el equipo de destino denegó expresamente dicha conexión

During handling of the above exception, another exception occurred:

Traceback (most recent call last):
  File "C:\Users\veyqp\Desktop\Intento\panaccess_wind_integration\wind\utils\websocket_utils.py", line 230, in check_websocket_limits
    token_count = redis_client.incr(token_key)
  File "C:\Users\veyqp\Desktop\serverpanaccess\env\Lib\site-packages\redis\commands\core.py", line 2174, in incrby
    return self.execute_command("INCRBY", name, amount)
           ~~~~~~~~~~~~~~~~~~~~^^^^^^^^^^^^^^^^^^^^^^^^
  File "C:\Users\veyqp\Desktop\serverpanaccess\env\Lib\site-packages\redis\client.py", line 716, in execute_command
    return self._execute_command(*args, **options)
           ~~~~~~~~~~~~~~~~~~~~~^^^^^^^^^^^^^^^^^^
  File "C:\Users\veyqp\Desktop\serverpanaccess\env\Lib\site-packages\redis\client.py", line 722, in _execute_command
    conn = self.connection or pool.get_connection()
                              ~~~~~~~~~~~~~~~~~~~^^
  File "C:\Users\veyqp\Desktop\serverpanaccess\env\Lib\site-packages\redis\utils.py", line 236, in wrapper
    return func(*args, **kwargs)
  File "C:\Users\veyqp\Desktop\serverpanaccess\env\Lib\site-packages\redis\connection.py", line 3041, in get_connection
    connection.connect()
    ~~~~~~~~~~~~~~~~~~^^
  File "C:\Users\veyqp\Desktop\serverpanaccess\env\Lib\site-packages\redis\connection.py", line 976, in connect
    self.retry.call_with_retry(
    ~~~~~~~~~~~~~~~~~~~~~~~~~~^
        lambda: self.connect_check_health(
        ^^^^^^^^^^^^^^^^^^^^^^^^^^^^^^^^^^
    ...<2 lines>...
        lambda error: self.disconnect(error),
        ^^^^^^^^^^^^^^^^^^^^^^^^^^^^^^^^^^^^^
    )
    ^
  File "C:\Users\veyqp\Desktop\serverpanaccess\env\Lib\site-packages\redis\retry.py", line 132, in call_with_retry
    raise error
  File "C:\Users\veyqp\Desktop\serverpanaccess\env\Lib\site-packages\redis\retry.py", line 120, in call_with_retry
    return do()
  File "C:\Users\veyqp\Desktop\serverpanaccess\env\Lib\site-packages\redis\connection.py", line 977, in <lambda>
    lambda: self.connect_check_health(
            ~~~~~~~~~~~~~~~~~~~~~~~~~^
        check_health=True, retry_socket_connect=False
        ^^^^^^^^^^^^^^^^^^^^^^^^^^^^^^^^^^^^^^^^^^^^^
    ),
    ^
  File "C:\Users\veyqp\Desktop\serverpanaccess\env\Lib\site-packages\redis\connection.py", line 1025, in connect_check_health
    raise e
redis.exceptions.ConnectionError: Error 10061 connecting to localhost:6379. No se puede establecer una conexión ya que el equipo de destino denegó expresamente dicha conexión.
ERROR 2026-06-09 20:41:11,144 panaccess_client 6012 4368 Llamada 'getSubscriber' falló: This subscriber does not exist.
ERROR 2026-06-09 20:41:17,277 create_subscriber 6012 4368 Error al agregar email: Mock error for addContactToSubscriber
ERROR 2026-06-09 20:41:17,277 create_subscriber 6012 4368 Error al agregar teléfono: Mock error for addContactToSubscriber
ERROR 2026-06-09 20:41:40,508 websocket_utils 6012 4368 Error checking WebSocket limits: Error 10061 connecting to localhost:6379. No se puede establecer una conexión ya que el equipo de destino denegó expresamente dicha conexión.
Traceback (most recent call last):
  File "C:\Users\veyqp\Desktop\serverpanaccess\env\Lib\site-packages\redis\connection.py", line 1003, in connect_check_health
    sock = self._connect()
  File "C:\Users\veyqp\Desktop\serverpanaccess\env\Lib\site-packages\redis\connection.py", line 1515, in _connect
    raise err
  File "C:\Users\veyqp\Desktop\serverpanaccess\env\Lib\site-packages\redis\connection.py", line 1499, in _connect
    sock.connect(socket_address)
    ~~~~~~~~~~~~^^^^^^^^^^^^^^^^
ConnectionRefusedError: [WinError 10061] No se puede establecer una conexión ya que el equipo de destino denegó expresamente dicha conexión

During handling of the above exception, another exception occurred:

Traceback (most recent call last):
  File "C:\Users\veyqp\Desktop\Intento\panaccess_wind_integration\wind\utils\websocket_utils.py", line 230, in check_websocket_limits
    token_count = redis_client.incr(token_key)
  File "C:\Users\veyqp\Desktop\serverpanaccess\env\Lib\site-packages\redis\commands\core.py", line 2174, in incrby
    return self.execute_command("INCRBY", name, amount)
           ~~~~~~~~~~~~~~~~~~~~^^^^^^^^^^^^^^^^^^^^^^^^
  File "C:\Users\veyqp\Desktop\serverpanaccess\env\Lib\site-packages\redis\client.py", line 716, in execute_command
    return self._execute_command(*args, **options)
           ~~~~~~~~~~~~~~~~~~~~~^^^^^^^^^^^^^^^^^^
  File "C:\Users\veyqp\Desktop\serverpanaccess\env\Lib\site-packages\redis\client.py", line 722, in _execute_command
    conn = self.connection or pool.get_connection()
                              ~~~~~~~~~~~~~~~~~~~^^
  File "C:\Users\veyqp\Desktop\serverpanaccess\env\Lib\site-packages\redis\utils.py", line 236, in wrapper
    return func(*args, **kwargs)
  File "C:\Users\veyqp\Desktop\serverpanaccess\env\Lib\site-packages\redis\connection.py", line 3041, in get_connection
    connection.connect()
    ~~~~~~~~~~~~~~~~~~^^
  File "C:\Users\veyqp\Desktop\serverpanaccess\env\Lib\site-packages\redis\connection.py", line 976, in connect
    self.retry.call_with_retry(
    ~~~~~~~~~~~~~~~~~~~~~~~~~~^
        lambda: self.connect_check_health(
        ^^^^^^^^^^^^^^^^^^^^^^^^^^^^^^^^^^
    ...<2 lines>...
        lambda error: self.disconnect(error),
        ^^^^^^^^^^^^^^^^^^^^^^^^^^^^^^^^^^^^^
    )
    ^
  File "C:\Users\veyqp\Desktop\serverpanaccess\env\Lib\site-packages\redis\retry.py", line 132, in call_with_retry
    raise error
  File "C:\Users\veyqp\Desktop\serverpanaccess\env\Lib\site-packages\redis\retry.py", line 120, in call_with_retry
    return do()
  File "C:\Users\veyqp\Desktop\serverpanaccess\env\Lib\site-packages\redis\connection.py", line 977, in <lambda>
    lambda: self.connect_check_health(
            ~~~~~~~~~~~~~~~~~~~~~~~~~^
        check_health=True, retry_socket_connect=False
        ^^^^^^^^^^^^^^^^^^^^^^^^^^^^^^^^^^^^^^^^^^^^^
    ),
    ^
  File "C:\Users\veyqp\Desktop\serverpanaccess\env\Lib\site-packages\redis\connection.py", line 1025, in connect_check_health
    raise e
redis.exceptions.ConnectionError: Error 10061 connecting to localhost:6379. No se puede establecer una conexión ya que el equipo de destino denegó expresamente dicha conexión.
ERROR 2026-06-09 20:56:40,648 panaccess_client 17424 8836 Llamada 'getSubscriber' falló: This subscriber does not exist.
ERROR 2026-06-09 20:56:45,045 create_subscriber 17424 8836 Error al agregar email: Mock error for addContactToSubscriber
ERROR 2026-06-09 20:56:45,045 create_subscriber 17424 8836 Error al agregar teléfono: Mock error for addContactToSubscriber
ERROR 2026-06-09 20:57:10,561 websocket_utils 17424 8836 Error checking WebSocket limits: Error 10061 connecting to localhost:6379. No se puede establecer una conexión ya que el equipo de destino denegó expresamente dicha conexión.
Traceback (most recent call last):
  File "C:\Users\veyqp\AppData\Local\Programs\Python\Python313\Lib\site-packages\redis\connection.py", line 1003, in connect_check_health
    sock = self._connect()
  File "C:\Users\veyqp\AppData\Local\Programs\Python\Python313\Lib\site-packages\redis\connection.py", line 1515, in _connect
    raise err
  File "C:\Users\veyqp\AppData\Local\Programs\Python\Python313\Lib\site-packages\redis\connection.py", line 1499, in _connect
    sock.connect(socket_address)
    ~~~~~~~~~~~~^^^^^^^^^^^^^^^^
ConnectionRefusedError: [WinError 10061] No se puede establecer una conexión ya que el equipo de destino denegó expresamente dicha conexión

During handling of the above exception, another exception occurred:

Traceback (most recent call last):
  File "C:\Users\veyqp\Desktop\Intento\panaccess_wind_integration\wind\utils\websocket_utils.py", line 230, in check_websocket_limits
    token_count = redis_client.incr(token_key)
  File "C:\Users\veyqp\AppData\Local\Programs\Python\Python313\Lib\site-packages\redis\commands\core.py", line 2174, in incrby
    return self.execute_command("INCRBY", name, amount)
           ~~~~~~~~~~~~~~~~~~~~^^^^^^^^^^^^^^^^^^^^^^^^
  File "C:\Users\veyqp\AppData\Local\Programs\Python\Python313\Lib\site-packages\redis\client.py", line 716, in execute_command
    return self._execute_command(*args, **options)
           ~~~~~~~~~~~~~~~~~~~~~^^^^^^^^^^^^^^^^^^
  File "C:\Users\veyqp\AppData\Local\Programs\Python\Python313\Lib\site-packages\redis\client.py", line 722, in _execute_command
    conn = self.connection or pool.get_connection()
                              ~~~~~~~~~~~~~~~~~~~^^
  File "C:\Users\veyqp\AppData\Local\Programs\Python\Python313\Lib\site-packages\redis\utils.py", line 236, in wrapper
    return func(*args, **kwargs)
  File "C:\Users\veyqp\AppData\Local\Programs\Python\Python313\Lib\site-packages\redis\connection.py", line 3041, in get_connection
    connection.connect()
    ~~~~~~~~~~~~~~~~~~^^
  File "C:\Users\veyqp\AppData\Local\Programs\Python\Python313\Lib\site-packages\redis\connection.py", line 976, in connect
    self.retry.call_with_retry(
    ~~~~~~~~~~~~~~~~~~~~~~~~~~^
        lambda: self.connect_check_health(
        ^^^^^^^^^^^^^^^^^^^^^^^^^^^^^^^^^^
    ...<2 lines>...
        lambda error: self.disconnect(error),
        ^^^^^^^^^^^^^^^^^^^^^^^^^^^^^^^^^^^^^
    )
    ^
  File "C:\Users\veyqp\AppData\Local\Programs\Python\Python313\Lib\site-packages\redis\retry.py", line 132, in call_with_retry
    raise error
  File "C:\Users\veyqp\AppData\Local\Programs\Python\Python313\Lib\site-packages\redis\retry.py", line 120, in call_with_retry
    return do()
  File "C:\Users\veyqp\AppData\Local\Programs\Python\Python313\Lib\site-packages\redis\connection.py", line 977, in <lambda>
    lambda: self.connect_check_health(
            ~~~~~~~~~~~~~~~~~~~~~~~~~^
        check_health=True, retry_socket_connect=False
        ^^^^^^^^^^^^^^^^^^^^^^^^^^^^^^^^^^^^^^^^^^^^^
    ),
    ^
  File "C:\Users\veyqp\AppData\Local\Programs\Python\Python313\Lib\site-packages\redis\connection.py", line 1025, in connect_check_health
    raise e
redis.exceptions.ConnectionError: Error 10061 connecting to localhost:6379. No se puede establecer una conexión ya que el equipo de destino denegó expresamente dicha conexión.
ERROR 2026-06-09 21:01:47,067 create_subscriber 11968 27444 Error al agregar email: Mock error for addContactToSubscriber
ERROR 2026-06-09 21:01:47,068 create_subscriber 11968 27444 Error al agregar teléfono: Mock error for addContactToSubscriber
ERROR 2026-06-09 21:04:55,939 create_subscriber 5212 5424 Error al agregar email: Mock error for addContactToSubscriber
ERROR 2026-06-09 21:04:55,940 create_subscriber 5212 5424 Error al agregar teléfono: Mock error for addContactToSubscriber
